-- Found ament_cmake: 1.3.12 (/opt/ros/humble/share/ament_cmake/cmake)
-- Found rclcpp: 16.0.15 (/opt/ros/humble/share/rclcpp/cmake)
-- Found rosidl_generator_c: 3.1.7 (/opt/ros/humble/share/rosidl_generator_c/cmake)
-- Found rosidl_adapter: 3.1.7 (/opt/ros/humble/share/rosidl_adapter/cmake)
-- Found rosidl_generator_cpp: 3.1.7 (/opt/ros/humble/share/rosidl_generator_cpp/cmake)
-- Using all available rosidl_typesupport_c: rosidl_typesupport_fastrtps_c;rosidl_typesupport_introspection_c
-- Using all available rosidl_typesupport_cpp: rosidl_typesupport_fastrtps_cpp;rosidl_typesupport_introspection_cpp
-- Found rmw_implementation_cmake: 6.1.2 (/opt/ros/humble/share/rmw_implementation_cmake/cmake)
-- Found rmw_fastrtps_cpp: 6.2.8 (/opt/ros/humble/share/rmw_fastrtps_cpp/cmake)
-- Using RMW implementation 'rmw_fastrtps_cpp' as default
-- Found cv_bridge: 3.2.1 (/opt/ros/humble/share/cv_bridge/cmake)
-- Found required Ceres dependency: Eigen version 3.4.0 in /usr/include/eigen3
-- Found required Ceres dependency: glog
-- Found required Ceres dependency: gflags
-- Found Ceres version: 2.0.0 installed in: /usr with components: [EigenSparse, SparseLinearAlgebraLibrary, LAPACK, SuiteSparse, CXSparse, SchurSpecializations, Multithreading]
-- Found nav_msgs: 4.9.0 (/opt/ros/humble/share/nav_msgs/cmake)
[33mCMake Warning (dev) at /usr/share/cmake-3.22/Modules/FindOpenGL.cmake:315 (message):
  Policy CMP0072 is not set: FindOpenGL prefers GLVND by default when
  available.  Run "cmake --help-policy CMP0072" for policy details.  Use the
  cmake_policy command to set the policy and suppress this warning.

  FindOpenGL found both a legacy GL library:

    OPENGL_gl_LIBRARY: /usr/lib/x86_64-linux-gnu/libGL.so

  and GLVND libraries for OpenGL and GLX:

    OPENGL_opengl_LIBRARY: /usr/lib/x86_64-linux-gnu/libOpenGL.so
    OPENGL_glx_LIBRARY: /usr/lib/x86_64-linux-gnu/libGLX.so

  OpenGL_GL_PREFERENCE has not been set to "GLVND" or "LEGACY", so for
  compatibility with CMake 3.10 and below the legacy GL library will be used.
Call Stack (most recent call first):
  /usr/share/cmake-3.22/Modules/CMakeFindDependencyMacro.cmake:47 (find_package)
  /opt/ros/humble/lib/cmake/g2o/g2oConfig.cmake:4 (find_dependency)
  CMakeLists.txt:18 (find_package)
This warning is for project developers.  Use -Wno-dev to suppress it.
[0m
-- Found ament_lint_auto: 0.12.14 (/opt/ros/humble/share/ament_lint_auto/cmake)
-- Added test 'cppcheck' to perform static code analysis on C / C++ code
-- Configured cppcheck include dirs: $<BUILD_INTERFACE:/home/dongjae/slambook_ws/src/slam_core/include>
-- Configured cppcheck exclude dirs and/or files: 
-- Added test 'lint_cmake' to check CMake code style
-- Added test 'uncrustify' to check C / C++ code style
-- Configured uncrustify additional arguments: 
-- Added test 'xmllint' to check XML markup files
-- Configuring done
-- Generating done
-- Build files have been written to: /home/dongjae/slambook_ws/build/slam_core
[35m[1mConsolidate compiler generated dependencies of target slam_system[0m
[ 40%] [32mBuilding CXX object CMakeFiles/slam_system.dir/src/frontend/frontend.cpp.o[0m
[ 40%] [32mBuilding CXX object CMakeFiles/slam_system.dir/src/slam_system.cpp.o[0m
[01m[K/home/dongjae/slambook_ws/src/slam_core/src/frontend/frontend.cpp:[m[K In member function â€˜[01m[Kint8_t Frontend::run(cv::Mat&)[m[Kâ€™:
[01m[K/home/dongjae/slambook_ws/src/slam_core/src/frontend/frontend.cpp:21:28:[m[K [01;31m[Kerror: [m[Kno matching function for call to â€˜[01m[KFrontend::add_keyframe(std::shared_ptr<Frame>&, bool)[m[Kâ€™
   21 |         return [01;31m[Kadd_keyframe(cur_frame,true)[m[K;
      |                [01;31m[K~~~~~~~~~~~~^~~~~~~~~~~~~~~~[m[K
In file included from [01m[K/home/dongjae/slambook_ws/src/slam_core/src/frontend/frontend.cpp:1[m[K:
[01m[K/home/dongjae/slambook_ws/src/slam_core/include/slam_core/frontend.hpp:28:13:[m[K [01;36m[Knote: [m[Kcandidate: â€˜[01m[Kint Frontend::add_keyframe(std::shared_ptr<Frame>&)[m[Kâ€™
   28 |         int [01;36m[Kadd_keyframe[m[K(std::shared_ptr<Frame> &cur_frame);
      |             [01;36m[K^~~~~~~~~~~~[m[K
[01m[K/home/dongjae/slambook_ws/src/slam_core/include/slam_core/frontend.hpp:28:13:[m[K [01;36m[Knote: [m[K  candidate expects 1 argument, 2 provided
gmake[2]: *** [CMakeFiles/slam_system.dir/build.make:118: CMakeFiles/slam_system.dir/src/frontend/frontend.cpp.o] Error 1
gmake[2]: *** Waiting for unfinished jobs....
gmake[1]: *** [CMakeFiles/Makefile2:137: CMakeFiles/slam_system.dir/all] Error 2
gmake: *** [Makefile:146: all] Error 2
