[35m[1mConsolidate compiler generated dependencies of target slam_system[0m
[ 20%] [32mBuilding CXX object CMakeFiles/slam_system.dir/src/slam_system.cpp.o[0m
[01m[K/home/dongjae/slambook_ws/src/slam_core/src/slam_system.cpp:[m[K In member function â€˜[01m[Kvoid SlamSystem::publish_path(const SE3d&)[m[Kâ€™:
[01m[K/home/dongjae/slambook_ws/src/slam_core/src/slam_system.cpp:61:42:[m[K [01;31m[Kerror: [m[Kpassing â€˜[01m[Kconst SE3d[m[Kâ€™ {aka â€˜[01m[Kconst Sophus::SE3<double>[m[Kâ€™} as â€˜[01m[Kthis[m[Kâ€™ argument discards qualifiers [[01;31m[K]8;;https://gcc.gnu.org/onlinedocs/gcc/Warning-Options.html#index-fpermissive-fpermissive]8;;[m[K]
   61 |             pose = convert_cv_to_ros(pose[01;31m[K)[m[K;
      |                                          [01;31m[K^[m[K
In file included from [01m[K/home/dongjae/slambook_ws/src/slam_core/include/slam_core/common_include.hpp:27[m[K,
                 from [01m[K/home/dongjae/slambook_ws/src/slam_core/src/slam_system.cpp:2[m[K:
[01m[K/opt/ros/humble/include/sophus/se3.hpp:460:20:[m[K [01;36m[Knote: [m[K  in call to â€˜[01m[KSophus::SE3<Scalar_, Options>& Sophus::SE3<Scalar_, Options>::operator=(const Sophus::SE3<Scalar_, Options>&) [with Scalar_ = double; int Options = 0][m[Kâ€™
  460 |   SOPHUS_FUNC SE3& [01;36m[Koperator[m[K=(SE3 const& other) = default;
      |                    [01;36m[K^~~~~~~~[m[K
gmake[2]: *** [CMakeFiles/slam_system.dir/build.make:76: CMakeFiles/slam_system.dir/src/slam_system.cpp.o] Error 1
gmake[1]: *** [CMakeFiles/Makefile2:137: CMakeFiles/slam_system.dir/all] Error 2
gmake: *** [Makefile:146: all] Error 2
