[35m[1mConsolidate compiler generated dependencies of target slam_system[0m
[ 20%] [32mBuilding CXX object CMakeFiles/slam_system.dir/src/slam_system.cpp.o[0m
[01m[K/home/dongjae/slambook_ws/src/slam_core/src/slam_system.cpp:[m[K In member function â€˜[01m[Kvoid SlamSystem::publish_path(const SE3d&)[m[Kâ€™:
[01m[K/home/dongjae/slambook_ws/src/slam_core/src/slam_system.cpp:61:13:[m[K [01;31m[Kerror: [m[Kâ€˜[01m[Kros_pose[m[Kâ€™ was not declared in this scope
   61 |             [01;31m[Kros_pose[m[K = convert_cv_to_ros(pose);
      |             [01;31m[K^~~~~~~~[m[K
gmake[2]: *** [CMakeFiles/slam_system.dir/build.make:76: CMakeFiles/slam_system.dir/src/slam_system.cpp.o] Error 1
gmake[1]: *** [CMakeFiles/Makefile2:137: CMakeFiles/slam_system.dir/all] Error 2
gmake: *** [Makefile:146: all] Error 2
