[0.014s] Invoking command in '/home/dongjae/slambook_ws/build/slam_core': CMAKE_PREFIX_PATH=${CMAKE_PREFIX_PATH}:/opt/ros/humble /usr/bin/cmake --build /home/dongjae/slambook_ws/build/slam_core -- -j16 -l16
[0.064s] [35m[1mConsolidate compiler generated dependencies of target slam_system[0m
[0.088s] [ 20%] [32mBuilding CXX object CMakeFiles/slam_system.dir/src/slam_system.cpp.o[0m
[6.538s] [01m[K/home/dongjae/slambook_ws/src/slam_core/src/slam_system.cpp:[m[K In member function â€˜[01m[Kvoid SlamSystem::publish_map_points()[m[Kâ€™:
[6.538s] [01m[K/home/dongjae/slambook_ws/src/slam_core/src/slam_system.cpp:118:38:[m[K [01;31m[Kerror: [m[Kâ€˜[01m[Kusing element_type = struct MapPoint[m[Kâ€™ {aka â€˜[01m[Kstruct MapPoint[m[Kâ€™} has no member named â€˜[01m[Kget_pose[m[Kâ€™; did you mean â€˜[01m[Kget_pos[m[Kâ€™?
[6.538s]   118 |                 const auto pos = mp->[01;31m[Kget_pose[m[K();
[6.538s]       |                                      [01;31m[K^~~~~~~~[m[K
[6.538s]       |                                      [32m[Kget_pos[m[K
[16.820s] gmake[2]: *** [CMakeFiles/slam_system.dir/build.make:76: CMakeFiles/slam_system.dir/src/slam_system.cpp.o] Error 1
[16.820s] gmake[1]: *** [CMakeFiles/Makefile2:137: CMakeFiles/slam_system.dir/all] Error 2
[16.820s] gmake: *** [Makefile:146: all] Error 2
[16.825s] Invoked command in '/home/dongjae/slambook_ws/build/slam_core' returned '2': CMAKE_PREFIX_PATH=${CMAKE_PREFIX_PATH}:/opt/ros/humble /usr/bin/cmake --build /home/dongjae/slambook_ws/build/slam_core -- -j16 -l16
